midas: init_config, project is OpenPiton.
midas: Setting project defaults for project 'OpenPiton'.
midas: midas -mmu=niagara -DPTON_X_TILES=1 -DPTON_Y_TILES=1 -DPTON_NUM_TILES=1 -DUART_DIV_LATCH=0xb -diag_root=/home/zjl/openpiton/piton diag.s
midas: Running from /home/zjl/openpiton/piton/tools/perlmod/Midas/3.30/bin/midas
midas: ###########################################################
midas: ##  SETUP PHASE
midas: ###########################################################
midas: ### Will build in directory "/home/zjl/openpiton/build/build"
midas: mkdir /home/zjl/openpiton/build/build
midas: cp diag.s build/diag.src
midas: cd build
midas: Splitting diag.src into diag.s and diag.pl (if necessary).
midas: ###########################################################
midas: ##  PREPROCESSING PHASE
midas: ###########################################################
midas: bw_cpp -B -P -I. -I.. -I/home/zjl/openpiton/piton/verif/diag/assembly/include -DGOLDFINGER=1 -DMIDAS_VERSION=3.30 -DMIDAS_MAJOR_VERS=3 -DMIDAS_MINOR_VERS=30 -DPTON_X_TILES=1 -DPTON_Y_TILES=1 -DPTON_NUM_TILES=1 -DUART_DIV_LATCH=0xb -DSUN4V=1 -DNIAGARA diag.s > diag.cpp
midas: bw_m4  --include=. --include=.. < diag.cpp > diag.m4
midas: rm -f mem.image diag.ev symbol.tbl diag*.exe
midas: ###########################################################
midas: ##  SECTION PARSING PHASE
midas: ###########################################################
midas: goldfinger -v -splitsec diag.m4 -midasfile diag.midas -prefix 'midas: '
midas: goldfinger: Writing midas directives to diag.midas
midas: goldfinger: Writing section RED_SEC to sec0.red_sec.s
midas: goldfinger: Writing section RED_EXT_SEC to sec1.red_ext_sec.s
midas: goldfinger: Writing section HPRIV_RESET to sec2.hpriv_reset.s
midas: goldfinger: Writing section HTRAPS to sec3.htraps.s
midas: goldfinger: Writing section UART_MAPPING to sec4.uart_mapping.s
midas: goldfinger: Writing section TRAPS to sec5.traps.s
midas: goldfinger: Writing section KERNEL to sec6.kernel.s
midas: goldfinger: Writing section USER_HEAP to sec7.user_heap.s
midas: goldfinger: Writing section MAIN to sec8.main.s
midas: goldfinger: Writing section USER_DATA to sec9.user_data.s
midas: Finding sections in diag.midas
midas: Processing directives in diag.midas
midas: Performing sanity check on arguments.
midas: ###########################################################
midas: ##  ASSEMBLY PHASE
midas: ###########################################################
midas: Building 10 sections using 3 build threads.
midas: g_as -xarch=v9b sec0.red_sec.s -o sec0.red_sec.o
midas: g_as -xarch=v9b sec2.hpriv_reset.s -o sec2.hpriv_reset.o
midas: g_as -xarch=v9b sec1.red_ext_sec.s -o sec1.red_ext_sec.o
midas: g_as -xarch=v9b sec4.uart_mapping.s -o sec4.uart_mapping.o
midas: g_as -xarch=v9b sec5.traps.s -o sec5.traps.o
midas: g_as -xarch=v9b sec3.htraps.s -o sec3.htraps.o
midas: g_as -xarch=v9b sec7.user_heap.s -o sec7.user_heap.o
midas: g_as -xarch=v9b sec6.kernel.s -o sec6.kernel.o
midas: g_as -xarch=v9b sec8.main.s -o sec8.main.o
midas: g_as -xarch=v9b sec9.user_data.s -o sec9.user_data.o
midas: ###########################################################
midas: ##  LINK PHASE
midas: ###########################################################
midas: Writing linker script diag.ld_scr.
midas: g_ld -b elf64-sparc -no-warn-mismatch --no-check-sections -T diag.ld_scr -o diag.exe
midas: diag.exe successfully created.
midas: ###########################################################
midas: ##  POSTPROCESSING PHASE
midas: ###########################################################
midas: Generating diag.goldfinger...
midas: goldfinger -v -in diag.goldfinger -gentsbs -genimage -imagefile mem.image -gensymtab -symtabfile symbol.tbl -prefix 'midas: '
midas: goldfinger: Opening file 'diag.goldfinger' for input.
midas: symbol.tbl successfully created.
midas: mem.image successfully created.
midas: Generating diag.ev...
midas: diag.ev successfully created.
midas: ###########################################################
midas: ##  COPY PHASE
midas: ###########################################################
midas: rm -f ../diag.s ../mem.image ../diag.ev ../symbol.tbl ../diag.exe ../diag.pl
midas: Hard linking diag.s to '..'.
midas: Hard linking mem.image to '..'.
midas: Hard linking diag.ev to '..'.
midas: Hard linking symbol.tbl to '..'.
midas: Hard linking diag.exe to '..'.
midas: cd ..
midas: ###########################################################
midas: ##  CLEANUP PHASE
midas: ###########################################################
midas: rm -rf build
